Arguments: 
  /home/ipace/.nvm/versions/node/v16.13.1/bin/node /home/ipace/.yarn/bin/yarn.js install

PATH: 
  /home/ipace/.yarn/bin:/home/ipace/.config/yarn/global/node_modules/.bin:/home/ipace/.yarn/bin:/home/ipace/.config/yarn/global/node_modules/.bin:/home/ipace/.nvm/versions/node/v16.13.1/bin:/home/ipace/bin:/usr/local/sbin:/usr/local/bin:/usr/sbin:/usr/bin:/sbin:/bin:/usr/games:/usr/local/games:/snap/bin:/home/ipace/Android/Sdk/emulator:/home/ipace/Android/Sdk/tools:/home/ipace/Android/Sdk/tools/bin:/home/ipace/Android/Sdk/platform-tools:/home/ipace/Android/Sdk/emulator:/home/ipace/Android/Sdk/tools:/home/ipace/Android/Sdk/tools/bin:/home/ipace/Android/Sdk/platform-tools

Yarn version: 
  1.22.19

Node version: 
  16.13.1

Platform: 
  linux x64

Trace: 
  SyntaxError: /home/ipace/apps/mystuff/challenges/musicdb/api/package.json: Unexpected token } in JSON at position 311
      at JSON.parse (<anonymous>)
      at /home/ipace/.yarn/lib/cli.js:1629:59
      at Generator.next (<anonymous>)
      at step (/home/ipace/.yarn/lib/cli.js:310:30)
      at /home/ipace/.yarn/lib/cli.js:321:13

npm manifest: 
  {
    "name": "api",
    "version": "1.0.0",
    "description": "Music db api",
    "main": "index.js",
    "author": "Norbert Glen <norbertglen7@gmail.com>",
    "license": "MIT",
    "scripts": {
      "test": "cross-env NODE_ENV=test jest --testTimeout=10000",
      "start": "node index.js",
      "dev": "nodemon index.js",
    },
    "jest": {
      "testEnvironment": "node",
      "coveragePathIgnorePatterns": [
        "/node_modules/"
      ]
    },
    "dependencies": {
      "body-parser": "^1.20.0",
      "cors": "^2.8.5",
      "dotenv": "^16.0.1",
      "express": "^4.18.1",
      "nodemon": "^2.0.19",
      "yup": "^0.32.11"
    },
    "devDependencies": {
      "cross-env": "^7.0.3",
      "jest": "^28.1.3",
      "supertest": "^6.2.4"
    }
  }

yarn manifest: 
  No manifest

Lockfile: 
  No lockfile
